<?xml version="1.0" encoding="UTF-8"?>
<!-- Generated by org.testng.reporters.JUnitXMLReporter -->
<testsuite ignored="0" hostname="Senthilkumars-MacBook-Pro-2.local" failures="1" tests="3" name="Test" time="81.954" errors="0" timestamp="13 Sept 2023 15:13:57 GMT">
  <testcase classname="script.DemoTest2" name="testB" time="0.15">
    <failure type="java.lang.AssertionError" message="null">
      <![CDATA[java.lang.AssertionError: null
at script.DemoTest2.testB(DemoTest2.java:16)
... Removed 25 stack frames]]>
    </failure>
  </testcase> <!-- testB -->
  <testcase classname="script.DemoTest" name="testA" time="3.666"/>
  <testcase classname="script.ValidLogin" name="testValidLogin" time="8.862"/>
</testsuite> <!-- Test -->
