<?xml version="1.0" encoding="UTF-8"?>
<testng-results ignored="0" total="1" passed="1" failed="0" skipped="0">
  <reporter-output>
    <line>
      <![CDATA[Home Page is displayed]]>
    </line>
  </reporter-output>
  <suite started-at="2023-09-13T15:25:11Z" name="Default suite" finished-at="2023-09-13T15:26:03Z" duration-ms="51746">
    <groups>
      <group name="regression">
        <method signature="ValidLogin.testValidLogin()[pri:1, instance:script.ValidLogin@1869fbd2]" name="testValidLogin" class="script.ValidLogin"/>
      </group> <!-- regression -->
      <group name="smoke">
        <method signature="ValidLogin.testValidLogin()[pri:1, instance:script.ValidLogin@1869fbd2]" name="testValidLogin" class="script.ValidLogin"/>
      </group> <!-- smoke -->
    </groups>
    <test started-at="2023-09-13T15:25:11Z" name="Default test" finished-at="2023-09-13T15:26:03Z" duration-ms="51746">
      <class name="script.ValidLogin">
        <test-method is-config="true" signature="preCondition(java.lang.String, java.lang.String, java.lang.String, java.lang.String, java.lang.String, java.lang.String)[pri:0, instance:script.ValidLogin@1869fbd2]" started-at="2023-09-13T15:25:11Z" name="preCondition" finished-at="2023-09-13T15:25:53Z" duration-ms="41079" status="PASS">
          <params>
            <param index="0">
              <value>
                <![CDATA[no]]>
              </value>
            </param>
            <param index="1">
              <value>
                <![CDATA[http://localhost:4444]]>
              </value>
            </param>
            <param index="2">
              <value>
                <![CDATA[chrome]]>
              </value>
            </param>
            <param index="3">
              <value>
                <![CDATA[https://demo.actitime.com]]>
              </value>
            </param>
            <param index="4">
              <value>
                <![CDATA[10]]>
              </value>
            </param>
            <param index="5">
              <value>
                <![CDATA[10]]>
              </value>
            </param>
          </params>
          <reporter-output>
          </reporter-output>
        </test-method> <!-- preCondition -->
        <test-method signature="testValidLogin()[pri:1, instance:script.ValidLogin@1869fbd2]" started-at="2023-09-13T15:25:53Z" name="testValidLogin" finished-at="2023-09-13T15:26:02Z" duration-ms="9673" status="PASS">
          <reporter-output>
            <line>
              <![CDATA[Home Page is displayed]]>
            </line>
          </reporter-output>
        </test-method> <!-- testValidLogin -->
        <test-method is-config="true" signature="postCondition(org.testng.ITestResult)[pri:0, instance:script.ValidLogin@1869fbd2]" started-at="2023-09-13T15:26:02Z" name="postCondition" finished-at="2023-09-13T15:26:03Z" duration-ms="943" status="PASS">
          <params>
            <param index="0">
              <value>
                <![CDATA[[TestResult name=testValidLogin status=SUCCESS method=ValidLogin.testValidLogin()[pri:1, instance:script.ValidLogin@1869fbd2] output=Home Page is displayed]]]>
              </value>
            </param>
          </params>
          <reporter-output>
          </reporter-output>
        </test-method> <!-- postCondition -->
      </class> <!-- script.ValidLogin -->
    </test> <!-- Default test -->
  </suite> <!-- Default suite -->
</testng-results>
